  Assembling test.asm...
test.asm(1): error A2008: syntax error : .
test.asm(2): error A2008: syntax error : .
test.asm(3): error A2008: syntax error : .
test.asm(7): error A2008: syntax error : ,
test.asm(17): error A2008: syntax error : invoke
test.asm(20): error A2008: syntax error : main
test.asm(20): error A2088: END directive required at end of file
C:\Program Files\Microsoft Visual Studio\2022\Community\MSBuild\Microsoft\VC\v170\BuildCustomizations\masm.targets(70,5): error MSB3721: El comando "ml64.exe /c /nologo /Zi /Fo"x64\Debug\test.obj" /W3 /errorReport:prompt  /Tatest.asm" salió con el código 1.
